<?xml version="1.0" encoding="UTF-8"?>
<testng-results skipped="0" failed="0" total="1" passed="1">
  <reporter-output>
  </reporter-output>
  <suite name="Default suite" duration-ms="579617" started-at="2018-12-19T06:59:44Z" finished-at="2018-12-19T07:09:23Z">
    <groups>
    </groups>
    <test name="Default test" duration-ms="579617" started-at="2018-12-19T06:59:44Z" finished-at="2018-12-19T07:09:23Z">
      <class name="pre_wiz.Identify_Elements_pwiz">
        <test-method status="PASS" signature="setUp()[pri:0, instance:pre_wiz.Identify_Elements_pwiz@19bb07ed]" name="setUp" is-config="true" duration-ms="45072" started-at="2018-12-19T09:59:44Z" finished-at="2018-12-19T10:00:29Z">
          <reporter-output>
          </reporter-output>
        </test-method> <!-- setUp -->
        <test-method status="PASS" signature="testCal()[pri:0, instance:pre_wiz.Identify_Elements_pwiz@19bb07ed]" name="testCal" duration-ms="534517" started-at="2018-12-19T10:00:29Z" finished-at="2018-12-19T10:09:23Z">
          <reporter-output>
          </reporter-output>
        </test-method> <!-- testCal -->
        <test-method status="PASS" signature="teardown()[pri:0, instance:pre_wiz.Identify_Elements_pwiz@19bb07ed]" name="teardown" is-config="true" duration-ms="1" started-at="2018-12-19T10:09:23Z" finished-at="2018-12-19T10:09:23Z">
          <reporter-output>
          </reporter-output>
        </test-method> <!-- teardown -->
      </class> <!-- pre_wiz.Identify_Elements_pwiz -->
    </test> <!-- Default test -->
  </suite> <!-- Default suite -->
</testng-results>
